<?xml version="1.0" encoding="UTF-8"?>
<!-- Generated by org.testng.reporters.JUnitReportReporter -->
<testsuite hostname="NRT-Testing1" failures="0" tests="4" name="api.testcases.UserTest2" time="5.683" errors="0" timestamp="2024-10-16T18:42:52 IST" skipped="0">
  <testcase classname="api.testcases.UserTest2" name="testCreateUser" time="1.107"/>
  <system-out/>
  <testcase classname="api.testcases.UserTest2" name="testGetUserData" time="1.103"/>
  <system-out/>
  <testcase classname="api.testcases.UserTest2" name="testUpdateUser" time="2.366"/>
  <system-out/>
  <testcase classname="api.testcases.UserTest2" name="testDeleteUser" time="1.107"/>
  <system-out/>
</testsuite> <!-- api.testcases.UserTest2 -->
