<?xml version="1.0" encoding="UTF-8"?>
<!-- Generated by org.testng.reporters.JUnitReportReporter -->
<testsuite hostname="NRT-Testing1" failures="0" tests="4" name="api.testcases.UserTest" time="5.650" errors="0" timestamp="2024-10-16T18:42:52 IST" skipped="0">
  <testcase classname="api.testcases.UserTest" name="testCreateUser" time="1.105"/>
  <system-out/>
  <testcase classname="api.testcases.UserTest" name="testGetUserData" time="1.099"/>
  <system-out/>
  <testcase classname="api.testcases.UserTest" name="testUpdateUser" time="2.291"/>
  <system-out/>
  <testcase classname="api.testcases.UserTest" name="testDeleteUser" time="1.155"/>
  <system-out/>
</testsuite> <!-- api.testcases.UserTest -->
