<?xml version="1.0" encoding="UTF-8"?>
<!-- Generated by org.testng.reporters.JUnitReportReporter -->
<testsuite hostname="NRT-Testing1" failures="0" tests="4" name="api.testcases.UserTest" time="7.091" errors="0" timestamp="2024-10-17T13:54:36 IST" skipped="0">
  <testcase classname="api.testcases.UserTest" name="testCreateUser" time="2.670"/>
  <system-out/>
  <testcase classname="api.testcases.UserTest" name="testGetUserData" time="1.172"/>
  <system-out/>
  <testcase classname="api.testcases.UserTest" name="testUpdateUser" time="2.156"/>
  <system-out/>
  <testcase classname="api.testcases.UserTest" name="testDeleteUser" time="1.093"/>
  <system-out/>
</testsuite> <!-- api.testcases.UserTest -->
